{"/Users/manuelfernandez/Documents/DAW/Experiments/tmdb-app/src/features/tmdb/components/MovieCard.tsx": {"path":"/Users/manuelfernandez/Documents/DAW/Experiments/tmdb-app/src/features/tmdb/components/MovieCard.tsx","statementMap":{"0":{"start":{"line":1,"column":25},"end":{"line":2,"column":null}},"1":{"start":{"line":2,"column":2},"end":{"line":2,"column":31}},"2":{"start":{"line":1,"column":13},"end":{"line":1,"column":25}}},"fnMap":{"0":{"name":"(anonymous_0)","decl":{"start":{"line":1,"column":25},"end":{"line":1,"column":28}},"loc":{"start":{"line":2,"column":2},"end":{"line":2,"column":31}}}},"branchMap":{},"s":{"0":1,"1":1,"2":1},"f":{"0":1},"b":{}}
}
